<?xml version="1.0"?><coverage lines-covered="1699" lines-valid="2339" line-rate="0.7263787943565626" branches-covered="0" branches-valid="0" branch-rate="0" complexity="0" version="1.9" timestamp="1761410526"><sources><source>/workspaces/main</source></sources><packages><package name="core/src/adapters" line-rate="0.9923664122137404" branch-rate="0" complexity="0"><classes><class name="generic" filename="core/src/adapters/generic.rs" line-rate="1" branch-rate="0" complexity="0"><methods/><lines><line number="12" hits="10"/><line number="13" hits="10"/><line number="16" hits="19"/><line number="19" hits="19"/><line number="22" hits="9"/><line number="23" hits="18"/><line number="26" hits="8"/><line number="28" hits="40"/><line number="30" hits="16"/><line number="32" hits="72"/><line number="33" hits="128"/><line number="34" hits="40"/><line number="35" hits="40"/><line number="36" hits="9"/><line number="37" hits="8"/><line number="41" hits="8"/><line number="42" hits="1"/><line number="45" hits="8"/><line number="48" hits="8"/><line number="50" hits="40"/><line number="52" hits="72"/><line number="53" hits="128"/><line number="54" hits="35"/><line number="55" hits="3"/><line number="56" hits="3"/><line number="60" hits="9"/><line number="61" hits="8"/></lines></class><class name="mod" filename="core/src/adapters/mod.rs" line-rate="1" branch-rate="0" complexity="0"><methods/><lines><line number="23" hits="1"/><line number="24" hits="2"/><line number="31" hits="1"/><line number="33" hits="1"/><line number="37" hits="1"/><line number="39" hits="1"/><line number="43" hits="1"/><line number="45" hits="1"/><line number="64" hits="18"/><line number="65" hits="54"/><line number="66" hits="18"/><line number="67" hits="18"/><line number="68" hits="18"/><line number="71" hits="54"/><line number="72" hits="36"/><line number="74" hits="126"/><line number="75" hits="216"/><line number="77" hits="72"/><line number="78" hits="36"/><line number="79" hits="18"/><line number="84" hits="54"/></lines></class><class name="nodejs" filename="core/src/adapters/nodejs.rs" line-rate="1" branch-rate="0" complexity="0"><methods/><lines><line number="12" hits="2"/><line number="13" hits="2"/><line number="16" hits="22"/><line number="17" hits="66"/><line number="19" hits="22"/><line number="20" hits="2"/><line number="24" hits="39"/><line number="26" hits="2"/><line number="29" hits="18"/><line number="32" hits="1"/><line number="33" hits="2"/><line number="36" hits="3"/><line number="37" hits="6"/><line number="40" hits="21"/><line number="41" hits="36"/><line number="42" hits="9"/><line number="43" hits="12"/><line number="44" hits="9"/><line number="45" hits="3"/><line number="46" hits="3"/><line number="51" hits="9"/><line number="52" hits="3"/><line number="53" hits="4"/><line number="54" hits="1"/><line number="55" hits="1"/><line number="58" hits="3"/><line number="59" hits="1"/><line number="62" hits="3"/><line number="65" hits="2"/><line number="67" hits="4"/><line number="75" hits="22"/><line number="76" hits="40"/><line number="77" hits="10"/><line number="78" hits="5"/><line number="79" hits="5"/><line number="83" hits="2"/><line number="84" hits="2"/></lines></class><class name="rails" filename="core/src/adapters/rails.rs" line-rate="0.9782608695652174" branch-rate="0" complexity="0"><methods/><lines><line number="12" hits="3"/><line number="13" hits="3"/><line number="16" hits="20"/><line number="17" hits="60"/><line number="19" hits="20"/><line number="20" hits="17"/><line number="24" hits="6"/><line number="25" hits="3"/><line number="26" hits="3"/><line number="30" hits="0"/><line number="33" hits="1"/><line number="34" hits="2"/><line number="37" hits="3"/><line number="38" hits="6"/><line number="41" hits="9"/><line number="42" hits="3"/><line number="43" hits="3"/><line number="44" hits="3"/><line number="45" hits="3"/><line number="46" hits="1"/><line number="47" hits="1"/><line number="51" hits="9"/><line number="52" hits="4"/><line number="53" hits="3"/><line number="54" hits="2"/><line number="56" hits="5"/><line number="57" hits="6"/><line number="58" hits="9"/><line number="60" hits="15"/><line number="61" hits="6"/><line number="62" hits="6"/><line number="63" hits="6"/><line number="64" hits="2"/><line number="65" hits="2"/><line number="70" hits="3"/><line number="71" hits="1"/><line number="74" hits="3"/><line number="77" hits="2"/><line number="79" hits="6"/><line number="81" hits="2"/><line number="82" hits="7"/><line number="83" hits="9"/><line number="84" hits="6"/><line number="85" hits="3"/><line number="88" hits="1"/><line number="91" hits="2"/></lines></class></classes></package><package name="core/src/modules" line-rate="0.58777633289987" branch-rate="0" complexity="0"><classes><class name="compose" filename="core/src/modules/compose.rs" line-rate="0.22602739726027396" branch-rate="0" complexity="0"><methods/><lines><line number="24" hits="26"/><line number="27" hits="52"/><line number="28" hits="26"/><line number="29" hits="26"/><line number="34" hits="0"/><line number="35" hits="0"/><line number="36" hits="0"/><line number="37" hits="0"/><line number="38" hits="0"/><line number="39" hits="0"/><line number="40" hits="0"/><line number="41" hits="0"/><line number="43" hits="0"/><line number="44" hits="0"/><line number="47" hits="0"/><line number="49" hits="0"/><line number="50" hits="0"/><line number="51" hits="0"/><line number="52" hits="0"/><line number="53" hits="0"/><line number="55" hits="0"/><line number="60" hits="0"/><line number="64" hits="0"/><line number="66" hits="0"/><line number="67" hits="0"/><line number="68" hits="0"/><line number="69" hits="0"/><line number="70" hits="0"/><line number="71" hits="0"/><line number="72" hits="0"/><line number="73" hits="0"/><line number="75" hits="0"/><line number="76" hits="0"/><line number="79" hits="0"/><line number="81" hits="0"/><line number="82" hits="0"/><line number="83" hits="0"/><line number="84" hits="0"/><line number="85" hits="0"/><line number="86" hits="0"/><line number="87" hits="0"/><line number="94" hits="0"/><line number="95" hits="0"/><line number="96" hits="0"/><line number="97" hits="0"/><line number="98" hits="0"/><line number="99" hits="0"/><line number="100" hits="0"/><line number="101" hits="0"/><line number="103" hits="0"/><line number="104" hits="0"/><line number="107" hits="0"/><line number="109" hits="0"/><line number="110" hits="0"/><line number="111" hits="0"/><line number="112" hits="0"/><line number="113" hits="0"/><line number="114" hits="0"/><line number="115" hits="0"/><line number="121" hits="0"/><line number="126" hits="1"/><line number="127" hits="1"/><line number="132" hits="4"/><line number="133" hits="4"/><line number="136" hits="20"/><line number="138" hits="60"/><line number="139" hits="60"/><line number="140" hits="60"/><line number="142" hits="56"/><line number="145" hits="2"/><line number="146" hits="4"/><line number="148" hits="6"/><line number="149" hits="2"/><line number="152" hits="10"/><line number="153" hits="4"/><line number="154" hits="4"/><line number="155" hits="4"/><line number="156" hits="4"/><line number="159" hits="3"/><line number="160" hits="2"/><line number="161" hits="3"/><line number="162" hits="2"/><line number="165" hits="2"/><line number="166" hits="2"/><line number="168" hits="2"/><line number="169" hits="2"/><line number="172" hits="0"/><line number="173" hits="0"/><line number="176" hits="0"/><line number="177" hits="0"/><line number="179" hits="0"/><line number="180" hits="0"/><line number="181" hits="0"/><line number="183" hits="0"/><line number="188" hits="0"/><line number="190" hits="0"/><line number="191" hits="0"/><line number="194" hits="0"/><line number="195" hits="0"/><line number="197" hits="0"/><line number="199" hits="0"/><line number="201" hits="0"/><line number="203" hits="0"/><line number="204" hits="0"/><line number="205" hits="0"/><line number="206" hits="0"/><line number="207" hits="0"/><line number="208" hits="0"/><line number="209" hits="0"/><line number="211" hits="0"/><line number="213" hits="0"/><line number="215" hits="0"/><line number="216" hits="0"/><line number="218" hits="0"/><line number="219" hits="0"/><line number="220" hits="0"/><line number="221" hits="0"/><line number="222" hits="0"/><line number="223" hits="0"/><line number="224" hits="0"/><line number="226" hits="0"/><line number="228" hits="0"/><line number="230" hits="0"/><line number="231" hits="0"/><line number="233" hits="0"/><line number="236" hits="0"/><line number="239" hits="0"/><line number="243" hits="0"/><line number="245" hits="0"/><line number="248" hits="1"/><line number="249" hits="2"/><line number="250" hits="1"/><line number="253" hits="0"/><line number="255" hits="0"/><line number="257" hits="0"/><line number="258" hits="0"/><line number="259" hits="0"/><line number="260" hits="0"/><line number="262" hits="0"/><line number="264" hits="0"/><line number="265" hits="0"/><line number="266" hits="0"/><line number="267" hits="0"/><line number="268" hits="0"/><line number="272" hits="0"/><line number="275" hits="0"/></lines></class><class name="database" filename="core/src/modules/database.rs" line-rate="0.547945205479452" branch-rate="0" complexity="0"><methods/><lines><line number="25" hits="4"/><line number="26" hits="4"/><line number="27" hits="3"/><line number="28" hits="3"/><line number="29" hits="3"/><line number="30" hits="3"/><line number="46" hits="35"/><line number="49" hits="70"/><line number="51" hits="35"/><line number="52" hits="35"/><line number="57" hits="7"/><line number="59" hits="21"/><line number="60" hits="7"/><line number="61" hits="6"/><line number="62" hits="3"/><line number="63" hits="1"/><line number="64" hits="2"/><line number="65" hits="1"/><line number="66" hits="1"/><line number="67" hits="1"/><line number="72" hits="4"/><line number="76" hits="5"/><line number="77" hits="5"/><line number="78" hits="2"/><line number="79" hits="8"/><line number="84" hits="0"/><line number="86" hits="0"/><line number="87" hits="0"/><line number="88" hits="0"/><line number="92" hits="0"/><line number="94" hits="0"/><line number="95" hits="0"/><line number="96" hits="0"/><line number="97" hits="0"/><line number="99" hits="0"/><line number="101" hits="0"/><line number="102" hits="0"/><line number="104" hits="0"/><line number="107" hits="0"/><line number="111" hits="0"/><line number="115" hits="0"/><line number="117" hits="0"/><line number="118" hits="0"/><line number="119" hits="0"/><line number="122" hits="0"/><line number="124" hits="0"/><line number="125" hits="0"/><line number="127" hits="0"/><line number="128" hits="0"/><line number="130" hits="0"/><line number="133" hits="0"/><line number="137" hits="0"/><line number="139" hits="0"/><line number="140" hits="0"/><line number="141" hits="0"/><line number="142" hits="0"/><line number="144" hits="0"/><line number="145" hits="0"/><line number="148" hits="0"/><line number="150" hits="0"/><line number="151" hits="0"/><line number="153" hits="0"/><line number="154" hits="0"/><line number="156" hits="0"/><line number="159" hits="0"/><line number="164" hits="1"/><line number="165" hits="1"/><line number="170" hits="4"/><line number="171" hits="4"/><line number="174" hits="22"/><line number="176" hits="44"/><line number="178" hits="140"/><line number="179" hits="122"/><line number="180" hits="4"/><line number="185" hits="54"/><line number="186" hits="18"/><line number="187" hits="4"/><line number="188" hits="2"/><line number="189" hits="1"/><line number="190" hits="1"/><line number="192" hits="1"/><line number="197" hits="17"/><line number="200" hits="3"/><line number="201" hits="6"/><line number="203" hits="9"/><line number="204" hits="3"/><line number="207" hits="3"/><line number="208" hits="12"/><line number="209" hits="18"/><line number="212" hits="6"/><line number="215" hits="9"/><line number="218" hits="9"/><line number="220" hits="3"/><line number="221" hits="3"/><line number="222" hits="3"/><line number="224" hits="3"/><line number="225" hits="3"/><line number="228" hits="2"/><line number="229" hits="2"/><line number="232" hits="6"/><line number="233" hits="2"/><line number="234" hits="3"/><line number="235" hits="1"/><line number="236" hits="4"/><line number="239" hits="2"/><line number="240" hits="1"/><line number="241" hits="1"/><line number="244" hits="3"/><line number="246" hits="1"/><line number="250" hits="2"/><line number="251" hits="2"/><line number="253" hits="2"/><line number="256" hits="0"/><line number="257" hits="0"/><line number="260" hits="0"/><line number="261" hits="0"/><line number="262" hits="0"/><line number="263" hits="0"/><line number="265" hits="0"/><line number="266" hits="0"/><line number="267" hits="0"/><line number="268" hits="0"/><line number="270" hits="0"/><line number="273" hits="0"/><line number="276" hits="0"/><line number="277" hits="0"/><line number="278" hits="0"/><line number="281" hits="0"/><line number="284" hits="0"/><line number="285" hits="0"/><line number="286" hits="0"/><line number="287" hits="0"/><line number="289" hits="0"/><line number="290" hits="0"/><line number="294" hits="0"/><line number="296" hits="0"/><line number="299" hits="2"/><line number="300" hits="6"/><line number="302" hits="2"/><line number="303" hits="1"/><line number="304" hits="1"/><line number="307" hits="3"/><line number="308" hits="1"/><line number="309" hits="0"/><line number="310" hits="0"/><line number="313" hits="1"/></lines></class><class name="mod" filename="core/src/modules/mod.rs" line-rate="0.6296296296296297" branch-rate="0" complexity="0"><methods/><lines><line number="33" hits="37"/><line number="34" hits="111"/><line number="35" hits="74"/><line number="38" hits="39"/><line number="56" hits="18"/><line number="89" hits="37"/><line number="90" hits="37"/><line number="98" hits="18"/><line number="99" hits="18"/><line number="100" hits="18"/><line number="101" hits="18"/><line number="102" hits="18"/><line number="103" hits="18"/><line number="110" hits="17"/><line number="111" hits="51"/><line number="113" hits="221"/><line number="114" hits="17"/><line number="117" hits="68"/><line number="118" hits="34"/><line number="119" hits="34"/><line number="121" hits="34"/><line number="122" hits="34"/><line number="123" hits="34"/><line number="125" hits="106"/><line number="126" hits="108"/><line number="127" hits="36"/><line number="129" hits="36"/><line number="132" hits="108"/><line number="133" hits="180"/><line number="134" hits="180"/><line number="135" hits="108"/><line number="136" hits="36"/><line number="138" hits="0"/><line number="140" hits="0"/><line number="143" hits="0"/><line number="144" hits="0"/><line number="146" hits="0"/><line number="149" hits="0"/><line number="150" hits="0"/><line number="151" hits="0"/><line number="153" hits="0"/><line number="154" hits="0"/><line number="155" hits="0"/><line number="156" hits="0"/><line number="158" hits="0"/><line number="163" hits="17"/><line number="165" hits="0"/><line number="166" hits="0"/><line number="167" hits="0"/><line number="168" hits="0"/><line number="169" hits="0"/><line number="172" hits="0"/><line number="173" hits="0"/><line number="177" hits="51"/></lines></class><class name="specs" filename="core/src/modules/specs.rs" line-rate="0.8241206030150754" branch-rate="0" complexity="0"><methods/><lines><line number="25" hits="116"/><line number="26" hits="116"/><line number="27" hits="33"/><line number="28" hits="57"/><line number="29" hits="26"/><line number="46" hits="24"/><line number="49" hits="48"/><line number="50" hits="72"/><line number="51" hits="72"/><line number="52" hits="24"/><line number="53" hits="24"/><line number="58" hits="19"/><line number="59" hits="133"/><line number="60" hits="76"/><line number="61" hits="76"/><line number="62" hits="76"/><line number="64" hits="228"/><line number="65" hits="57"/><line number="66" hits="42"/><line number="67" hits="27"/><line number="70" hits="19"/><line number="73" hits="19"/><line number="74" hits="57"/><line number="75" hits="38"/><line number="76" hits="38"/><line number="77" hits="19"/><line number="78" hits="19"/><line number="81" hits="55"/><line number="82" hits="130"/><line number="83" hits="26"/><line number="84" hits="32"/><line number="88" hits="3"/><line number="91" hits="25"/><line number="92" hits="75"/><line number="93" hits="75"/><line number="96" hits="1"/><line number="97" hits="2"/><line number="98" hits="0"/><line number="101" hits="4"/><line number="102" hits="3"/><line number="103" hits="3"/><line number="104" hits="2"/><line number="106" hits="2"/><line number="109" hits="2"/><line number="110" hits="2"/><line number="113" hits="3"/><line number="114" hits="1"/><line number="115" hits="0"/><line number="116" hits="0"/><line number="117" hits="0"/><line number="118" hits="0"/><line number="119" hits="0"/><line number="121" hits="4"/><line number="122" hits="1"/><line number="125" hits="20"/><line number="126" hits="20"/><line number="129" hits="9"/><line number="130" hits="9"/><line number="134" hits="10"/><line number="135" hits="10"/><line number="136" hits="0"/><line number="139" hits="30"/><line number="143" hits="20"/><line number="145" hits="32"/><line number="146" hits="8"/><line number="147" hits="16"/><line number="148" hits="16"/><line number="150" hits="16"/><line number="151" hits="16"/><line number="153" hits="64"/><line number="154" hits="104"/><line number="155" hits="24"/><line number="156" hits="8"/><line number="157" hits="96"/><line number="158" hits="16"/><line number="159" hits="32"/><line number="161" hits="128"/><line number="162" hits="32"/><line number="166" hits="8"/><line number="167" hits="0"/><line number="170" hits="16"/><line number="172" hits="0"/><line number="176" hits="2"/><line number="178" hits="4"/><line number="183" hits="30"/><line number="184" hits="11"/><line number="185" hits="10"/><line number="190" hits="0"/><line number="191" hits="0"/><line number="196" hits="18"/><line number="197" hits="18"/><line number="200" hits="18"/><line number="202" hits="36"/><line number="203" hits="0"/><line number="206" hits="54"/><line number="207" hits="18"/><line number="208" hits="15"/><line number="211" hits="3"/><line number="214" hits="18"/><line number="216" hits="36"/><line number="217" hits="0"/><line number="219" hits="36"/><line number="222" hits="36"/><line number="223" hits="18"/><line number="224" hits="54"/><line number="225" hits="18"/><line number="226" hits="18"/><line number="227" hits="36"/><line number="228" hits="18"/><line number="229" hits="18"/><line number="230" hits="53"/><line number="231" hits="105"/><line number="232" hits="35"/><line number="233" hits="175"/><line number="234" hits="0"/><line number="237" hits="18"/><line number="238" hits="36"/><line number="241" hits="36"/><line number="243" hits="20"/><line number="244" hits="18"/><line number="246" hits="68"/><line number="247" hits="16"/><line number="248" hits="2"/><line number="250" hits="4"/><line number="252" hits="64"/><line number="255" hits="18"/><line number="258" hits="10"/><line number="259" hits="11"/><line number="261" hits="20"/><line number="262" hits="2"/><line number="263" hits="0"/><line number="265" hits="1"/><line number="266" hits="0"/><line number="269" hits="3"/><line number="270" hits="1"/><line number="275" hits="18"/><line number="276" hits="18"/><line number="278" hits="9"/><line number="280" hits="36"/><line number="281" hits="27"/><line number="282" hits="27"/><line number="283" hits="9"/><line number="286" hits="36"/><line number="287" hits="27"/><line number="288" hits="27"/><line number="289" hits="9"/><line number="291" hits="27"/><line number="293" hits="17"/><line number="294" hits="1"/><line number="295" hits="1"/><line number="297" hits="3"/><line number="298" hits="5"/><line number="299" hits="1"/><line number="303" hits="9"/><line number="304" hits="36"/><line number="305" hits="10"/><line number="309" hits="9"/><line number="312" hits="7"/><line number="313" hits="8"/><line number="315" hits="14"/><line number="317" hits="21"/><line number="318" hits="7"/><line number="320" hits="28"/><line number="321" hits="21"/><line number="322" hits="21"/><line number="323" hits="14"/><line number="325" hits="14"/><line number="326" hits="28"/><line number="329" hits="7"/><line number="330" hits="0"/><line number="331" hits="0"/><line number="334" hits="14"/><line number="335" hits="10"/><line number="338" hits="7"/><line number="339" hits="12"/><line number="340" hits="3"/><line number="341" hits="0"/><line number="343" hits="12"/><line number="344" hits="9"/><line number="345" hits="4"/><line number="347" hits="4"/><line number="348" hits="4"/><line number="349" hits="0"/><line number="353" hits="7"/><line number="356" hits="0"/><line number="358" hits="0"/><line number="359" hits="0"/><line number="360" hits="0"/><line number="361" hits="0"/><line number="366" hits="0"/><line number="367" hits="0"/><line number="368" hits="0"/><line number="369" hits="0"/><line number="371" hits="0"/><line number="372" hits="0"/><line number="373" hits="0"/><line number="374" hits="0"/><line number="375" hits="0"/><line number="379" hits="0"/></lines></class><class name="tunnel" filename="core/src/modules/tunnel.rs" line-rate="0.6294642857142857" branch-rate="0" complexity="0"><methods/><lines><line number="32" hits="39"/><line number="33" hits="39"/><line number="34" hits="0"/><line number="45" hits="32"/><line number="48" hits="64"/><line number="49" hits="64"/><line number="50" hits="64"/><line number="51" hits="64"/><line number="58" hits="1"/><line number="64" hits="3"/><line number="65" hits="2"/><line number="67" hits="2"/><line number="68" hits="3"/><line number="70" hits="4"/><line number="71" hits="1"/><line number="72" hits="1"/><line number="74" hits="1"/><line number="75" hits="1"/><line number="76" hits="3"/><line number="77" hits="2"/><line number="79" hits="3"/><line number="80" hits="3"/><line number="81" hits="3"/><line number="83" hits="1"/><line number="84" hits="1"/><line number="88" hits="3"/><line number="89" hits="9"/><line number="91" hits="3"/><line number="92" hits="2"/><line number="93" hits="2"/><line number="94" hits="2"/><line number="95" hits="2"/><line number="98" hits="3"/><line number="99" hits="1"/><line number="100" hits="0"/><line number="101" hits="0"/><line number="102" hits="0"/><line number="105" hits="1"/><line number="106" hits="1"/><line number="109" hits="11"/><line number="110" hits="33"/><line number="111" hits="46"/><line number="112" hits="2"/><line number="113" hits="2"/><line number="114" hits="6"/><line number="115" hits="6"/><line number="116" hits="8"/><line number="120" hits="8"/><line number="121" hits="9"/><line number="122" hits="9"/><line number="123" hits="9"/><line number="124" hits="9"/><line number="125" hits="9"/><line number="126" hits="9"/><line number="127" hits="9"/><line number="128" hits="9"/><line number="129" hits="9"/><line number="130" hits="32"/><line number="133" hits="0"/><line number="134" hits="0"/><line number="135" hits="0"/><line number="137" hits="0"/><line number="138" hits="0"/><line number="139" hits="0"/><line number="141" hits="0"/><line number="143" hits="0"/><line number="146" hits="0"/><line number="147" hits="0"/><line number="150" hits="0"/><line number="155" hits="0"/><line number="158" hits="3"/><line number="159" hits="3"/><line number="161" hits="7"/><line number="162" hits="5"/><line number="165" hits="8"/><line number="166" hits="16"/><line number="169" hits="9"/><line number="170" hits="27"/><line number="171" hits="25"/><line number="172" hits="7"/><line number="175" hits="6"/><line number="176" hits="6"/><line number="179" hits="14"/><line number="180" hits="67"/><line number="181" hits="11"/><line number="182" hits="11"/><line number="183" hits="50"/><line number="184" hits="31"/><line number="185" hits="41"/><line number="189" hits="39"/><line number="190" hits="78"/><line number="195" hits="1"/><line number="196" hits="1"/><line number="201" hits="20"/><line number="202" hits="20"/><line number="205" hits="18"/><line number="207" hits="54"/><line number="208" hits="0"/><line number="210" hits="18"/><line number="211" hits="18"/><line number="212" hits="2"/><line number="217" hits="18"/><line number="220" hits="15"/><line number="222" hits="45"/><line number="223" hits="45"/><line number="225" hits="30"/><line number="227" hits="45"/><line number="228" hits="15"/><line number="231" hits="30"/><line number="232" hits="28"/><line number="233" hits="56"/><line number="234" hits="70"/><line number="235" hits="70"/><line number="236" hits="42"/><line number="238" hits="1"/><line number="239" hits="1"/><line number="240" hits="0"/><line number="243" hits="4"/><line number="244" hits="1"/><line number="245" hits="4"/><line number="246" hits="1"/><line number="247" hits="4"/><line number="248" hits="4"/><line number="249" hits="1"/><line number="250" hits="2"/><line number="255" hits="15"/><line number="256" hits="44"/><line number="258" hits="17"/><line number="259" hits="17"/><line number="261" hits="15"/><line number="262" hits="15"/><line number="265" hits="8"/><line number="266" hits="9"/><line number="268" hits="16"/><line number="269" hits="16"/><line number="270" hits="24"/><line number="272" hits="16"/><line number="273" hits="0"/><line number="274" hits="0"/><line number="275" hits="0"/><line number="276" hits="0"/><line number="277" hits="0"/><line number="280" hits="0"/><line number="281" hits="0"/><line number="282" hits="0"/><line number="283" hits="0"/><line number="287" hits="0"/><line number="289" hits="0"/><line number="290" hits="0"/><line number="291" hits="0"/><line number="293" hits="0"/><line number="296" hits="0"/><line number="297" hits="0"/><line number="298" hits="0"/><line number="299" hits="0"/><line number="300" hits="0"/><line number="301" hits="0"/><line number="302" hits="0"/><line number="303" hits="0"/><line number="305" hits="0"/><line number="306" hits="0"/><line number="309" hits="0"/><line number="310" hits="0"/><line number="311" hits="0"/><line number="315" hits="0"/><line number="318" hits="0"/><line number="320" hits="0"/><line number="321" hits="0"/><line number="322" hits="0"/><line number="325" hits="0"/><line number="326" hits="0"/><line number="329" hits="0"/><line number="330" hits="0"/><line number="331" hits="0"/><line number="332" hits="0"/><line number="335" hits="0"/><line number="336" hits="0"/><line number="337" hits="0"/><line number="338" hits="0"/><line number="342" hits="9"/><line number="343" hits="16"/><line number="344" hits="32"/><line number="347" hits="8"/><line number="348" hits="0"/><line number="349" hits="0"/><line number="350" hits="0"/><line number="352" hits="9"/><line number="353" hits="8"/><line number="354" hits="1"/><line number="355" hits="2"/><line number="357" hits="32"/><line number="360" hits="8"/><line number="363" hits="6"/><line number="364" hits="7"/><line number="366" hits="30"/><line number="368" hits="12"/><line number="369" hits="0"/><line number="370" hits="0"/><line number="373" hits="30"/><line number="374" hits="7"/><line number="375" hits="7"/><line number="377" hits="12"/><line number="378" hits="0"/><line number="379" hits="0"/><line number="380" hits="0"/><line number="381" hits="0"/><line number="382" hits="0"/><line number="383" hits="0"/><line number="390" hits="0"/><line number="391" hits="0"/><line number="395" hits="0"/><line number="396" hits="0"/><line number="400" hits="0"/><line number="401" hits="0"/><line number="402" hits="0"/><line number="403" hits="0"/><line number="404" hits="0"/><line number="411" hits="0"/><line number="412" hits="0"/><line number="413" hits="0"/><line number="419" hits="7"/><line number="422" hits="6"/><line number="425" hits="1"/><line number="426" hits="3"/></lines></class></classes></package><package name="core/src/workflow" line-rate="0" branch-rate="0" complexity="0"><classes></classes></package><package name="cli/src/commands" line-rate="0.8571428571428571" branch-rate="0" complexity="0"><classes><class name="feature" filename="cli/src/commands/feature.rs" line-rate="0.8571428571428571" branch-rate="0" complexity="0"><methods/><lines><line number="94" hits="4"/><line number="95" hits="4"/><line number="96" hits="3"/><line number="97" hits="3"/><line number="98" hits="6"/><line number="102" hits="1"/><line number="104" hits="1"/><line number="105" hits="1"/><line number="106" hits="1"/><line number="107" hits="1"/><line number="108" hits="1"/><line number="109" hits="1"/><line number="110" hits="1"/><line number="111" hits="1"/><line number="113" hits="4"/><line number="114" hits="3"/><line number="125" hits="4"/><line number="126" hits="2"/><line number="128" hits="1"/><line number="131" hits="2"/><line number="132" hits="6"/><line number="133" hits="8"/><line number="134" hits="6"/><line number="136" hits="6"/><line number="138" hits="3"/><line number="139" hits="3"/><line number="140" hits="4"/><line number="143" hits="4"/><line number="144" hits="0"/><line number="145" hits="0"/><line number="148" hits="8"/><line number="149" hits="6"/><line number="150" hits="2"/><line number="151" hits="2"/><line number="155" hits="4"/><line number="156" hits="6"/><line number="157" hits="6"/><line number="158" hits="2"/><line number="160" hits="2"/><line number="161" hits="2"/><line number="162" hits="4"/><line number="163" hits="4"/><line number="164" hits="2"/><line number="165" hits="4"/><line number="169" hits="2"/><line number="172" hits="1"/><line number="174" hits="1"/><line number="175" hits="1"/><line number="176" hits="1"/><line number="177" hits="1"/><line number="178" hits="1"/><line number="179" hits="1"/><line number="180" hits="1"/><line number="181" hits="1"/><line number="183" hits="4"/><line number="184" hits="3"/><line number="195" hits="4"/><line number="196" hits="2"/><line number="198" hits="1"/><line number="201" hits="1"/><line number="202" hits="2"/><line number="203" hits="3"/><line number="204" hits="2"/><line number="205" hits="3"/><line number="206" hits="1"/><line number="208" hits="3"/><line number="209" hits="1"/><line number="211" hits="3"/><line number="212" hits="3"/><line number="214" hits="2"/><line number="215" hits="2"/><line number="216" hits="2"/><line number="217" hits="1"/><line number="218" hits="0"/><line number="219" hits="0"/><line number="224" hits="1"/><line number="225" hits="1"/><line number="226" hits="2"/><line number="227" hits="5"/><line number="228" hits="4"/><line number="229" hits="2"/><line number="230" hits="0"/><line number="231" hits="0"/><line number="233" hits="4"/><line number="234" hits="2"/><line number="235" hits="0"/><line number="240" hits="1"/><line number="241" hits="1"/><line number="242" hits="2"/><line number="243" hits="4"/><line number="244" hits="1"/><line number="249" hits="1"/><line number="250" hits="2"/><line number="251" hits="1"/><line number="252" hits="1"/><line number="253" hits="1"/><line number="254" hits="1"/><line number="256" hits="0"/><line number="259" hits="1"/><line number="260" hits="1"/><line number="261" hits="2"/><line number="263" hits="1"/><line number="264" hits="0"/><line number="265" hits="0"/><line number="266" hits="0"/><line number="267" hits="0"/><line number="271" hits="1"/><line number="272" hits="1"/><line number="273" hits="2"/><line number="274" hits="5"/><line number="275" hits="6"/><line number="276" hits="4"/><line number="277" hits="2"/><line number="278" hits="0"/><line number="283" hits="1"/><line number="284" hits="0"/><line number="285" hits="0"/><line number="286" hits="0"/><line number="287" hits="0"/></lines></class></classes></package><package name="core/src/workflows" line-rate="0.7002801120448179" branch-rate="0" complexity="0"><classes><class name="feature" filename="core/src/workflows/feature.rs" line-rate="0.7002801120448179" branch-rate="0" complexity="0"><methods/><lines><line number="114" hits="11"/><line number="115" hits="33"/><line number="116" hits="33"/><line number="117" hits="22"/><line number="119" hits="33"/><line number="120" hits="33"/><line number="121" hits="11"/><line number="122" hits="22"/><line number="123" hits="11"/><line number="124" hits="11"/><line number="129" hits="0"/><line number="130" hits="0"/><line number="134" hits="9"/><line number="135" hits="18"/><line number="137" hits="36"/><line number="138" hits="45"/><line number="139" hits="36"/><line number="140" hits="36"/><line number="141" hits="18"/><line number="142" hits="27"/><line number="143" hits="18"/><line number="145" hits="9"/><line number="146" hits="0"/><line number="148" hits="9"/><line number="151" hits="11"/><line number="152" hits="0"/><line number="155" hits="12"/><line number="156" hits="5"/><line number="157" hits="4"/><line number="158" hits="4"/><line number="159" hits="1"/><line number="160" hits="1"/><line number="161" hits="0"/><line number="165" hits="1"/><line number="170" hits="15"/><line number="171" hits="0"/><line number="174" hits="12"/><line number="175" hits="2"/><line number="176" hits="1"/><line number="177" hits="1"/><line number="181" hits="8"/><line number="182" hits="2"/><line number="183" hits="2"/><line number="185" hits="0"/><line number="187" hits="6"/><line number="188" hits="0"/><line number="189" hits="0"/><line number="192" hits="0"/><line number="193" hits="0"/><line number="195" hits="6"/><line number="196" hits="30"/><line number="199" hits="24"/><line number="201" hits="16"/><line number="202" hits="12"/><line number="203" hits="12"/><line number="204" hits="0"/><line number="205" hits="0"/><line number="206" hits="0"/><line number="210" hits="2"/><line number="213" hits="48"/><line number="215" hits="16"/><line number="216" hits="32"/><line number="217" hits="16"/><line number="218" hits="0"/><line number="219" hits="0"/><line number="220" hits="0"/><line number="225" hits="8"/><line number="226" hits="8"/><line number="227" hits="8"/><line number="228" hits="8"/><line number="229" hits="0"/><line number="232" hits="24"/><line number="233" hits="8"/><line number="234" hits="8"/><line number="235" hits="8"/><line number="236" hits="8"/><line number="237" hits="8"/><line number="239" hits="8"/><line number="240" hits="0"/><line number="243" hits="24"/><line number="244" hits="24"/><line number="245" hits="8"/><line number="247" hits="40"/><line number="248" hits="8"/><line number="249" hits="0"/><line number="251" hits="8"/><line number="252" hits="0"/><line number="253" hits="8"/><line number="255" hits="16"/><line number="256" hits="8"/><line number="257" hits="30"/><line number="258" hits="11"/><line number="259" hits="10"/><line number="263" hits="24"/><line number="264" hits="24"/><line number="265" hits="24"/><line number="267" hits="24"/><line number="268" hits="24"/><line number="269" hits="24"/><line number="270" hits="24"/><line number="271" hits="16"/><line number="272" hits="24"/><line number="273" hits="24"/><line number="274" hits="24"/><line number="275" hits="16"/><line number="276" hits="16"/><line number="277" hits="8"/><line number="278" hits="8"/><line number="280" hits="0"/><line number="281" hits="0"/><line number="284" hits="8"/><line number="285" hits="16"/><line number="286" hits="16"/><line number="287" hits="16"/><line number="288" hits="16"/><line number="289" hits="16"/><line number="290" hits="16"/><line number="291" hits="16"/><line number="292" hits="8"/><line number="293" hits="8"/><line number="298" hits="6"/><line number="299" hits="12"/><line number="301" hits="12"/><line number="302" hits="6"/><line number="303" hits="0"/><line number="306" hits="30"/><line number="307" hits="24"/><line number="308" hits="6"/><line number="309" hits="0"/><line number="312" hits="6"/><line number="313" hits="0"/><line number="315" hits="6"/><line number="318" hits="18"/><line number="319" hits="8"/><line number="320" hits="2"/><line number="322" hits="4"/><line number="325" hits="12"/><line number="327" hits="6"/><line number="328" hits="6"/><line number="329" hits="6"/><line number="330" hits="30"/><line number="331" hits="6"/><line number="332" hits="0"/><line number="334" hits="6"/><line number="335" hits="0"/><line number="337" hits="12"/><line number="338" hits="6"/><line number="339" hits="6"/><line number="340" hits="6"/><line number="341" hits="6"/><line number="342" hits="6"/><line number="345" hits="12"/><line number="346" hits="12"/><line number="348" hits="6"/><line number="349" hits="0"/><line number="350" hits="6"/><line number="352" hits="6"/><line number="353" hits="0"/><line number="356" hits="12"/><line number="357" hits="18"/><line number="358" hits="6"/><line number="359" hits="6"/><line number="361" hits="0"/><line number="362" hits="0"/><line number="363" hits="0"/><line number="364" hits="0"/><line number="365" hits="0"/><line number="366" hits="0"/><line number="367" hits="0"/><line number="368" hits="0"/><line number="369" hits="0"/><line number="372" hits="0"/><line number="373" hits="0"/><line number="374" hits="0"/><line number="375" hits="0"/><line number="383" hits="12"/><line number="384" hits="6"/><line number="385" hits="18"/><line number="386" hits="6"/><line number="387" hits="6"/><line number="389" hits="0"/><line number="390" hits="0"/><line number="391" hits="0"/><line number="392" hits="0"/><line number="398" hits="12"/><line number="399" hits="0"/><line number="400" hits="0"/><line number="403" hits="6"/><line number="404" hits="12"/><line number="405" hits="12"/><line number="406" hits="12"/><line number="407" hits="12"/><line number="408" hits="12"/><line number="409" hits="6"/><line number="410" hits="6"/><line number="415" hits="4"/><line number="416" hits="12"/><line number="417" hits="14"/><line number="418" hits="4"/><line number="421" hits="9"/><line number="422" hits="18"/><line number="423" hits="18"/><line number="424" hits="9"/><line number="426" hits="0"/><line number="430" hits="0"/><line number="431" hits="0"/><line number="432" hits="0"/><line number="433" hits="0"/><line number="434" hits="0"/><line number="437" hits="0"/><line number="440" hits="0"/><line number="441" hits="0"/><line number="445" hits="15"/><line number="446" hits="45"/><line number="447" hits="0"/><line number="449" hits="30"/><line number="452" hits="8"/><line number="453" hits="16"/><line number="454" hits="8"/><line number="456" hits="32"/><line number="457" hits="8"/><line number="458" hits="8"/><line number="460" hits="0"/><line number="461" hits="0"/><line number="462" hits="0"/><line number="467" hits="24"/><line number="468" hits="0"/><line number="471" hits="16"/><line number="473" hits="8"/><line number="477" hits="24"/><line number="478" hits="16"/><line number="479" hits="0"/><line number="480" hits="0"/><line number="484" hits="8"/><line number="487" hits="8"/><line number="495" hits="16"/><line number="496" hits="8"/><line number="497" hits="0"/><line number="498" hits="0"/><line number="501" hits="24"/><line number="502" hits="32"/><line number="504" hits="10"/><line number="505" hits="4"/><line number="506" hits="4"/><line number="507" hits="4"/><line number="508" hits="4"/><line number="509" hits="8"/><line number="510" hits="4"/><line number="511" hits="2"/><line number="515" hits="0"/><line number="516" hits="0"/><line number="517" hits="0"/><line number="523" hits="24"/><line number="525" hits="16"/><line number="526" hits="16"/><line number="528" hits="32"/><line number="529" hits="16"/><line number="531" hits="8"/><line number="532" hits="8"/><line number="533" hits="32"/><line number="534" hits="24"/><line number="535" hits="16"/><line number="536" hits="16"/><line number="537" hits="32"/><line number="538" hits="16"/><line number="539" hits="8"/><line number="540" hits="8"/><line number="543" hits="24"/><line number="544" hits="24"/><line number="545" hits="24"/><line number="546" hits="24"/><line number="547" hits="24"/><line number="549" hits="16"/><line number="550" hits="16"/><line number="552" hits="0"/><line number="553" hits="0"/><line number="554" hits="0"/><line number="555" hits="0"/><line number="561" hits="24"/><line number="563" hits="8"/><line number="564" hits="16"/><line number="565" hits="8"/><line number="566" hits="8"/><line number="567" hits="8"/><line number="571" hits="8"/><line number="576" hits="8"/><line number="577" hits="8"/><line number="578" hits="24"/><line number="579" hits="9"/><line number="580" hits="24"/><line number="584" hits="8"/><line number="587" hits="8"/><line number="588" hits="18"/><line number="589" hits="0"/><line number="590" hits="0"/><line number="591" hits="0"/><line number="595" hits="8"/><line number="597" hits="0"/><line number="601" hits="6"/><line number="602" hits="6"/><line number="603" hits="0"/><line number="606" hits="6"/><line number="607" hits="18"/><line number="608" hits="6"/><line number="609" hits="0"/><line number="611" hits="0"/><line number="612" hits="0"/><line number="613" hits="0"/><line number="618" hits="6"/><line number="619" hits="24"/><line number="620" hits="12"/><line number="621" hits="6"/><line number="623" hits="6"/><line number="625" hits="6"/><line number="626" hits="0"/><line number="627" hits="0"/><line number="628" hits="0"/><line number="629" hits="0"/><line number="633" hits="18"/><line number="634" hits="12"/><line number="635" hits="0"/><line number="638" hits="18"/><line number="639" hits="24"/><line number="640" hits="24"/><line number="641" hits="6"/><line number="643" hits="6"/><line number="645" hits="6"/><line number="646" hits="0"/><line number="647" hits="0"/><line number="648" hits="0"/><line number="649" hits="0"/><line number="653" hits="24"/><line number="654" hits="30"/><line number="655" hits="6"/><line number="657" hits="6"/><line number="659" hits="6"/><line number="660" hits="0"/><line number="661" hits="0"/><line number="662" hits="0"/><line number="663" hits="0"/><line number="667" hits="12"/><line number="670" hits="8"/><line number="672" hits="6"/><line number="673" hits="6"/><line number="674" hits="6"/><line number="678" hits="6"/><line number="679" hits="6"/><line number="680" hits="0"/><line number="683" hits="18"/><line number="684" hits="12"/><line number="685" hits="6"/><line number="686" hits="6"/><line number="688" hits="15"/><line number="689" hits="5"/><line number="690" hits="15"/><line number="691" hits="10"/><line number="693" hits="5"/><line number="695" hits="5"/><line number="696" hits="0"/><line number="698" hits="10"/><line number="700" hits="10"/><line number="702" hits="0"/><line number="703" hits="0"/><line number="707" hits="0"/><line number="708" hits="0"/><line number="710" hits="0"/><line number="712" hits="0"/><line number="717" hits="8"/><line number="718" hits="24"/><line number="719" hits="8"/><line number="720" hits="0"/><line number="723" hits="16"/><line number="724" hits="8"/><line number="725" hits="4"/><line number="731" hits="8"/><line number="732" hits="0"/><line number="733" hits="0"/><line number="745" hits="8"/><line number="748" hits="8"/><line number="749" hits="24"/><line number="750" hits="16"/><line number="751" hits="16"/><line number="752" hits="16"/><line number="757" hits="32"/><line number="758" hits="16"/><line number="759" hits="24"/><line number="762" hits="8"/><line number="765" hits="8"/><line number="770" hits="32"/><line number="771" hits="16"/><line number="772" hits="24"/><line number="773" hits="16"/><line number="775" hits="32"/><line number="777" hits="32"/><line number="780" hits="16"/><line number="783" hits="48"/><line number="785" hits="16"/><line number="786" hits="48"/><line number="787" hits="16"/><line number="788" hits="32"/><line number="789" hits="32"/><line number="791" hits="0"/><line number="792" hits="0"/><line number="794" hits="0"/><line number="795" hits="0"/><line number="797" hits="0"/><line number="798" hits="0"/><line number="799" hits="0"/><line number="802" hits="0"/><line number="803" hits="0"/><line number="804" hits="0"/><line number="808" hits="0"/><line number="809" hits="0"/><line number="810" hits="0"/><line number="811" hits="0"/><line number="812" hits="0"/><line number="816" hits="48"/><line number="819" hits="8"/><line number="820" hits="0"/><line number="821" hits="0"/><line number="822" hits="0"/><line number="823" hits="0"/><line number="824" hits="0"/><line number="828" hits="0"/><line number="829" hits="0"/><line number="836" hits="6"/><line number="841" hits="24"/><line number="842" hits="12"/><line number="844" hits="30"/><line number="846" hits="24"/><line number="848" hits="12"/><line number="851" hits="36"/><line number="852" hits="36"/><line number="853" hits="12"/><line number="854" hits="12"/><line number="856" hits="0"/><line number="857" hits="0"/><line number="858" hits="0"/><line number="859" hits="0"/><line number="860" hits="0"/><line number="861" hits="0"/><line number="865" hits="0"/><line number="866" hits="0"/><line number="867" hits="0"/><line number="868" hits="0"/><line number="869" hits="0"/><line number="870" hits="0"/><line number="875" hits="36"/><line number="878" hits="6"/><line number="879" hits="6"/><line number="882" hits="14"/><line number="883" hits="28"/><line number="884" hits="14"/><line number="885" hits="0"/><line number="888" hits="42"/><line number="889" hits="62"/><line number="890" hits="136"/><line number="891" hits="34"/><line number="892" hits="6"/><line number="896" hits="8"/><line number="899" hits="8"/><line number="906" hits="16"/><line number="907" hits="16"/><line number="908" hits="0"/><line number="909" hits="0"/><line number="912" hits="24"/><line number="913" hits="24"/><line number="915" hits="24"/><line number="916" hits="0"/><line number="917" hits="0"/><line number="918" hits="0"/><line number="919" hits="0"/><line number="920" hits="0"/><line number="923" hits="0"/><line number="927" hits="16"/><line number="929" hits="16"/><line number="932" hits="16"/><line number="933" hits="16"/><line number="936" hits="16"/><line number="937" hits="0"/><line number="938" hits="0"/><line number="939" hits="0"/><line number="942" hits="0"/><line number="945" hits="0"/><line number="946" hits="0"/><line number="947" hits="0"/><line number="952" hits="16"/><line number="953" hits="24"/><line number="954" hits="24"/><line number="955" hits="24"/><line number="956" hits="24"/><line number="959" hits="16"/><line number="960" hits="0"/><line number="961" hits="0"/><line number="962" hits="0"/><line number="963" hits="0"/><line number="967" hits="8"/><line number="970" hits="6"/><line number="978" hits="18"/><line number="979" hits="0"/><line number="980" hits="0"/><line number="981" hits="0"/><line number="982" hits="0"/><line number="985" hits="0"/><line number="988" hits="12"/><line number="989" hits="0"/><line number="990" hits="0"/><line number="991" hits="0"/><line number="992" hits="0"/><line number="995" hits="0"/><line number="998" hits="6"/><line number="999" hits="4"/><line number="1000" hits="4"/><line number="1001" hits="2"/><line number="1002" hits="0"/><line number="1003" hits="0"/><line number="1006" hits="0"/><line number="1009" hits="8"/><line number="1010" hits="2"/><line number="1011" hits="0"/><line number="1012" hits="0"/><line number="1013" hits="0"/><line number="1015" hits="0"/><line number="1018" hits="4"/><line number="1019" hits="6"/><line number="1020" hits="6"/><line number="1022" hits="10"/><line number="1024" hits="4"/><line number="1025" hits="0"/><line number="1026" hits="0"/><line number="1027" hits="0"/><line number="1028" hits="0"/><line number="1032" hits="8"/><line number="1033" hits="4"/><line number="1034" hits="16"/><line number="1035" hits="16"/><line number="1036" hits="12"/><line number="1039" hits="0"/><line number="1040" hits="0"/><line number="1041" hits="0"/><line number="1042" hits="0"/><line number="1047" hits="15"/><line number="1048" hits="30"/><line number="1049" hits="15"/><line number="1050" hits="2"/><line number="1052" hits="15"/><line number="1055" hits="0"/><line number="1060" hits="8"/><line number="1061" hits="24"/><line number="1064" hits="12"/><line number="1065" hits="36"/><line number="1066" hits="15"/><line number="1067" hits="9"/><line number="1068" hits="6"/><line number="1069" hits="6"/><line number="1070" hits="3"/><line number="1072" hits="6"/><line number="1074" hits="27"/><line number="1075" hits="27"/><line number="1076" hits="9"/><line number="1078" hits="9"/><line number="1082" hits="12"/><line number="1083" hits="24"/><line number="1085" hits="56"/><line number="1086" hits="33"/><line number="1087" hits="63"/><line number="1088" hits="21"/><line number="1089" hits="105"/><line number="1090" hits="0"/><line number="1096" hits="24"/><line number="1097" hits="2"/><line number="1099" hits="11"/><line number="1103" hits="16"/><line number="1104" hits="48"/><line number="1105" hits="32"/><line number="1107" hits="63"/><line number="1108" hits="75"/><line number="1109" hits="45"/><line number="1110" hits="75"/><line number="1111" hits="15"/><line number="1113" hits="0"/><line number="1116" hits="1"/><line number="1119" hits="32"/><line number="1120" hits="31"/><line number="1121" hits="108"/><line number="1122" hits="234"/><line number="1123" hits="156"/><line number="1124" hits="6"/><line number="1126" hits="288"/><line number="1127" hits="360"/><line number="1132" hits="228"/><line number="1133" hits="265"/><line number="1136" hits="32"/><line number="1137" hits="320"/><line number="1138" hits="304"/><line number="1139" hits="228"/><line number="1140" hits="228"/><line number="1141" hits="304"/><line number="1142" hits="76"/><line number="1144" hits="48"/><line number="1146" hits="32"/><line number="1147" hits="48"/><line number="1148" hits="48"/><line number="1151" hits="64"/><line number="1152" hits="16"/><line number="1155" hits="19"/><line number="1156" hits="76"/><line number="1157" hits="38"/><line number="1158" hits="2"/><line number="1160" hits="36"/><line number="1164" hits="13"/><line number="1166" hits="39"/><line number="1167" hits="13"/><line number="1169" hits="0"/><line number="1172" hits="39"/><line number="1175" hits="13"/><line number="1178" hits="26"/><line number="1179" hits="36"/><line number="1180" hits="12"/><line number="1181" hits="12"/><line number="1187" hits="3"/><line number="1188" hits="2"/><line number="1190" hits="0"/><line number="1193" hits="1"/><line number="1194" hits="0"/><line number="1195" hits="0"/><line number="1196" hits="0"/><line number="1197" hits="0"/><line number="1200" hits="2"/><line number="1201" hits="7"/><line number="1202" hits="6"/><line number="1203" hits="3"/><line number="1204" hits="0"/><line number="1207" hits="3"/><line number="1208" hits="0"/><line number="1209" hits="0"/><line number="1211" hits="0"/><line number="1212" hits="0"/><line number="1214" hits="0"/><line number="1215" hits="0"/><line number="1217" hits="0"/><line number="1219" hits="0"/><line number="1220" hits="0"/><line number="1222" hits="0"/><line number="1223" hits="0"/><line number="1224" hits="0"/><line number="1225" hits="0"/><line number="1227" hits="0"/><line number="1230" hits="13"/><line number="1233" hits="3"/><line number="1234" hits="2"/><line number="1235" hits="1"/><line number="1248" hits="1"/><line number="1295" hits="2"/><line number="1296" hits="2"/><line number="1297" hits="3"/><line number="1298" hits="3"/><line number="1306" hits="6"/><line number="1307" hits="6"/><line number="1308" hits="8"/><line number="1309" hits="7"/><line number="1310" hits="1"/><line number="1319" hits="3"/><line number="1320" hits="3"/><line number="1321" hits="3"/><line number="1352" hits="11"/><line number="1355" hits="11"/><line number="1366" hits="15"/><line number="1367" hits="30"/><line number="1371" hits="12"/><line number="1372" hits="36"/><line number="1373" hits="24"/><line number="1375" hits="13"/><line number="1376" hits="12"/><line number="1378" hits="16"/><line number="1380" hits="2"/><line number="1381" hits="2"/><line number="1382" hits="2"/><line number="1383" hits="2"/><line number="1384" hits="1"/><line number="1385" hits="1"/><line number="1386" hits="1"/><line number="1389" hits="22"/><line number="1392" hits="36"/><line number="1395" hits="7"/><line number="1396" hits="21"/><line number="1397" hits="14"/><line number="1398" hits="7"/><line number="1400" hits="23"/><line number="1402" hits="21"/><line number="1403" hits="14"/><line number="1404" hits="7"/><line number="1405" hits="7"/><line number="1407" hits="0"/><line number="1408" hits="0"/><line number="1413" hits="21"/><line number="1416" hits="7"/><line number="1417" hits="21"/><line number="1418" hits="7"/><line number="1421" hits="27"/><line number="1422" hits="27"/><line number="1423" hits="11"/><line number="1426" hits="48"/><line number="1427" hits="32"/><line number="1428" hits="0"/><line number="1431" hits="32"/><line number="1432" hits="16"/><line number="1435" hits="19"/><line number="1436" hits="38"/><line number="1437" hits="38"/><line number="1440" hits="76"/><line number="1441" hits="0"/><line number="1444" hits="57"/><line number="1445" hits="19"/></lines></class></classes></package><package name="cli/src" line-rate="0.6166666666666667" branch-rate="0" complexity="0"><classes><class name="main" filename="cli/src/main.rs" line-rate="0.14754098360655737" branch-rate="0" complexity="0"><methods/><lines><line number="63" hits="4"/><line number="65" hits="4"/><line number="67" hits="4"/><line number="68" hits="4"/><line number="72" hits="8"/><line number="74" hits="4"/><line number="75" hits="0"/><line number="76" hits="0"/><line number="77" hits="0"/><line number="79" hits="0"/><line number="80" hits="0"/><line number="81" hits="0"/><line number="82" hits="0"/><line number="83" hits="0"/><line number="84" hits="0"/><line number="86" hits="0"/><line number="87" hits="0"/><line number="88" hits="0"/><line number="92" hits="0"/><line number="95" hits="0"/><line number="96" hits="0"/><line number="98" hits="0"/><line number="100" hits="0"/><line number="101" hits="0"/><line number="102" hits="0"/><line number="103" hits="0"/><line number="104" hits="0"/><line number="107" hits="0"/><line number="108" hits="0"/><line number="109" hits="0"/><line number="110" hits="0"/><line number="112" hits="0"/><line number="113" hits="0"/><line number="114" hits="0"/><line number="115" hits="0"/><line number="118" hits="0"/><line number="119" hits="0"/><line number="122" hits="0"/><line number="123" hits="0"/><line number="124" hits="0"/><line number="125" hits="0"/><line number="126" hits="0"/><line number="128" hits="0"/><line number="129" hits="0"/><line number="130" hits="0"/><line number="131" hits="0"/><line number="132" hits="0"/><line number="137" hits="4"/><line number="138" hits="8"/><line number="141" hits="0"/><line number="142" hits="0"/><line number="143" hits="0"/><line number="144" hits="0"/><line number="147" hits="0"/><line number="148" hits="0"/><line number="149" hits="0"/><line number="151" hits="0"/><line number="152" hits="0"/><line number="153" hits="0"/><line number="155" hits="0"/><line number="161" hits="4"/></lines></class></classes></package><package name="core/src" line-rate="0.7331460674157303" branch-rate="0" complexity="0"><classes><class name="cloudflare" filename="core/src/cloudflare.rs" line-rate="0.9858156028368794" branch-rate="0" complexity="0"><methods/><lines><line number="28" hits="3"/><line number="29" hits="9"/><line number="33" hits="17"/><line number="38" hits="51"/><line number="39" hits="51"/><line number="40" hits="51"/><line number="42" hits="34"/><line number="43" hits="1"/><line number="46" hits="32"/><line number="47" hits="1"/><line number="50" hits="30"/><line number="51" hits="15"/><line number="52" hits="45"/><line number="53" hits="0"/><line number="55" hits="60"/><line number="56" hits="60"/><line number="57" hits="60"/><line number="59" hits="30"/><line number="60" hits="30"/><line number="62" hits="15"/><line number="64" hits="15"/><line number="65" hits="30"/><line number="66" hits="15"/><line number="67" hits="15"/><line number="72" hits="4"/><line number="73" hits="12"/><line number="74" hits="8"/><line number="75" hits="28"/><line number="77" hits="12"/><line number="78" hits="3"/><line number="79" hits="3"/><line number="80" hits="7"/><line number="81" hits="3"/><line number="85" hits="2"/><line number="86" hits="6"/><line number="87" hits="6"/><line number="88" hits="2"/><line number="89" hits="4"/><line number="90" hits="6"/><line number="91" hits="2"/><line number="92" hits="2"/><line number="97" hits="6"/><line number="98" hits="3"/><line number="99" hits="2"/><line number="100" hits="4"/><line number="102" hits="1"/><line number="103" hits="2"/><line number="104" hits="1"/><line number="105" hits="1"/><line number="110" hits="1"/><line number="116" hits="2"/><line number="121" hits="2"/><line number="122" hits="1"/><line number="123" hits="1"/><line number="125" hits="1"/><line number="126" hits="1"/><line number="129" hits="1"/><line number="135" hits="2"/><line number="136" hits="7"/><line number="137" hits="3"/><line number="141" hits="4"/><line number="147" hits="15"/><line number="148" hits="9"/><line number="149" hits="14"/><line number="150" hits="2"/><line number="151" hits="1"/><line number="154" hits="6"/><line number="156" hits="5"/><line number="159" hits="2"/><line number="160" hits="1"/><line number="161" hits="1"/><line number="165" hits="2"/><line number="169" hits="1"/><line number="170" hits="2"/><line number="174" hits="7"/><line number="175" hits="3"/><line number="179" hits="2"/><line number="180" hits="7"/><line number="181" hits="1"/><line number="184" hits="5"/><line number="185" hits="2"/><line number="187" hits="3"/><line number="188" hits="3"/><line number="189" hits="7"/><line number="190" hits="2"/><line number="191" hits="1"/><line number="194" hits="1"/><line number="197" hits="6"/><line number="198" hits="18"/><line number="199" hits="18"/><line number="200" hits="6"/><line number="201" hits="12"/><line number="202" hits="12"/><line number="206" hits="18"/><line number="207" hits="18"/><line number="210" hits="4"/><line number="211" hits="12"/><line number="212" hits="12"/><line number="213" hits="4"/><line number="214" hits="8"/><line number="215" hits="8"/><line number="219" hits="8"/><line number="222" hits="3"/><line number="223" hits="15"/><line number="224" hits="3"/><line number="227" hits="1"/><line number="228" hits="3"/><line number="229" hits="2"/><line number="230" hits="1"/><line number="231" hits="1"/><line number="232" hits="1"/><line number="233" hits="1"/><line number="236" hits="9"/><line number="237" hits="3"/><line number="240" hits="1"/><line number="247" hits="3"/><line number="248" hits="2"/><line number="249" hits="1"/><line number="250" hits="1"/><line number="251" hits="1"/><line number="252" hits="1"/><line number="255" hits="9"/><line number="256" hits="3"/><line number="276" hits="1"/><line number="278" hits="1"/><line number="279" hits="1"/><line number="301" hits="8"/><line number="302" hits="8"/><line number="303" hits="8"/><line number="305" hits="0"/><line number="311" hits="14"/><line number="312" hits="14"/><line number="313" hits="13"/><line number="315" hits="2"/><line number="354" hits="3"/><line number="355" hits="6"/><line number="356" hits="2"/><line number="358" hits="2"/><line number="360" hits="6"/><line number="361" hits="6"/><line number="362" hits="2"/></lines></class><class name="error" filename="core/src/error.rs" line-rate="1" branch-rate="0" complexity="0"><methods/><lines><line number="71" hits="1"/><line number="72" hits="1"/><line number="76" hits="22"/><line number="77" hits="22"/><line number="81" hits="1"/><line number="82" hits="1"/><line number="86" hits="1"/><line number="87" hits="1"/><line number="91" hits="1"/><line number="92" hits="1"/></lines></class><class name="git" filename="core/src/git.rs" line-rate="0.8579545454545454" branch-rate="0" complexity="0"><methods/><lines><line number="17" hits="31"/><line number="18" hits="93"/><line number="20" hits="31"/><line number="21" hits="3"/><line number="22" hits="2"/><line number="23" hits="1"/><line number="28" hits="60"/><line number="29" hits="30"/><line number="30" hits="3"/><line number="31" hits="2"/><line number="32" hits="1"/><line number="36" hits="29"/><line number="60" hits="14"/><line number="61" hits="28"/><line number="62" hits="1"/><line number="65" hits="26"/><line number="66" hits="39"/><line number="67" hits="26"/><line number="70" hits="39"/><line number="73" hits="39"/><line number="76" hits="25"/><line number="77" hits="12"/><line number="80" hits="14"/><line number="82" hits="26"/><line number="84" hits="13"/><line number="86" hits="13"/><line number="87" hits="0"/><line number="88" hits="0"/><line number="91" hits="16"/><line number="92" hits="13"/><line number="96" hits="2"/><line number="97" hits="4"/><line number="98" hits="1"/><line number="102" hits="1"/><line number="103" hits="0"/><line number="106" hits="2"/><line number="107" hits="3"/><line number="108" hits="2"/><line number="109" hits="3"/><line number="110" hits="3"/><line number="112" hits="1"/><line number="114" hits="2"/><line number="116" hits="1"/><line number="118" hits="1"/><line number="119" hits="0"/><line number="120" hits="0"/><line number="123" hits="1"/><line number="124" hits="0"/><line number="126" hits="0"/><line number="128" hits="1"/><line number="137" hits="9"/><line number="138" hits="18"/><line number="139" hits="27"/><line number="140" hits="18"/><line number="142" hits="17"/><line number="143" hits="8"/><line number="146" hits="27"/><line number="148" hits="10"/><line number="150" hits="18"/><line number="152" hits="9"/><line number="154" hits="9"/><line number="155" hits="0"/><line number="156" hits="0"/><line number="157" hits="0"/><line number="158" hits="0"/><line number="162" hits="12"/><line number="163" hits="9"/><line number="167" hits="2"/><line number="168" hits="4"/><line number="169" hits="6"/><line number="170" hits="4"/><line number="172" hits="2"/><line number="174" hits="4"/><line number="176" hits="2"/><line number="178" hits="2"/><line number="179" hits="0"/><line number="180" hits="0"/><line number="183" hits="2"/><line number="189" hits="2"/><line number="190" hits="4"/><line number="191" hits="6"/><line number="192" hits="4"/><line number="194" hits="2"/><line number="196" hits="4"/><line number="198" hits="2"/><line number="200" hits="2"/><line number="201" hits="0"/><line number="202" hits="0"/><line number="205" hits="6"/><line number="206" hits="4"/><line number="210" hits="16"/><line number="211" hits="64"/><line number="212" hits="32"/><line number="213" hits="32"/><line number="215" hits="16"/><line number="217" hits="16"/><line number="218" hits="0"/><line number="221" hits="48"/><line number="222" hits="16"/><line number="226" hits="4"/><line number="227" hits="16"/><line number="228" hits="8"/><line number="229" hits="12"/><line number="231" hits="4"/><line number="233" hits="4"/><line number="234" hits="3"/><line number="235" hits="1"/><line number="236" hits="0"/><line number="241" hits="1"/><line number="244" hits="3"/><line number="248" hits="4"/><line number="249" hits="12"/><line number="250" hits="4"/><line number="253" hits="4"/><line number="255" hits="4"/><line number="256" hits="0"/><line number="257" hits="0"/><line number="260" hits="8"/><line number="262" hits="8"/><line number="263" hits="8"/><line number="265" hits="4"/><line number="269" hits="2"/><line number="270" hits="6"/><line number="271" hits="4"/><line number="272" hits="6"/><line number="273" hits="6"/><line number="275" hits="2"/><line number="277" hits="4"/><line number="279" hits="2"/><line number="281" hits="2"/><line number="282" hits="0"/><line number="283" hits="0"/><line number="284" hits="0"/><line number="285" hits="0"/><line number="289" hits="2"/><line number="293" hits="8"/><line number="294" hits="16"/><line number="295" hits="24"/><line number="296" hits="16"/><line number="298" hits="15"/><line number="299" hits="7"/><line number="301" hits="1"/><line number="304" hits="24"/><line number="306" hits="16"/><line number="308" hits="8"/><line number="310" hits="8"/><line number="311" hits="0"/><line number="312" hits="0"/><line number="315" hits="9"/><line number="316" hits="8"/><line number="321" hits="5"/><line number="322" hits="10"/><line number="323" hits="15"/><line number="325" hits="35"/><line number="326" hits="50"/><line number="328" hits="13"/><line number="329" hits="6"/><line number="333" hits="35"/><line number="334" hits="14"/><line number="335" hits="14"/><line number="336" hits="7"/><line number="337" hits="7"/><line number="338" hits="7"/><line number="340" hits="36"/><line number="341" hits="15"/><line number="342" hits="20"/><line number="346" hits="10"/><line number="348" hits="13"/><line number="349" hits="3"/><line number="350" hits="1"/><line number="352" hits="12"/><line number="353" hits="3"/><line number="354" hits="1"/><line number="360" hits="13"/><line number="361" hits="8"/><line number="364" hits="5"/></lines></class><class name="naming" filename="core/src/naming.rs" line-rate="1" branch-rate="0" complexity="0"><methods/><lines><line number="79" hits="14"/><line number="81" hits="42"/><line number="84" hits="56"/><line number="87" hits="42"/><line number="89" hits="158"/><line number="93" hits="42"/><line number="95" hits="28"/><line number="101" hits="18"/><line number="102" hits="72"/><line number="103" hits="54"/><line number="104" hits="72"/><line number="107" hits="72"/><line number="108" hits="54"/><line number="129" hits="24"/><line number="130" hits="96"/><line number="131" hits="72"/><line number="144" hits="25"/><line number="146" hits="125"/><line number="148" hits="25"/><line number="149" hits="96"/><line number="152" hits="2"/><line number="166" hits="16"/><line number="167" hits="32"/></lines></class><class name="validation" filename="core/src/validation.rs" line-rate="0.9438202247191011" branch-rate="0" complexity="0"><methods/><lines><line number="25" hits="18"/><line number="26" hits="54"/><line number="28" hits="18"/><line number="29" hits="3"/><line number="30" hits="2"/><line number="31" hits="1"/><line number="36" hits="17"/><line number="37" hits="26"/><line number="38" hits="13"/><line number="39" hits="12"/><line number="44" hits="5"/><line number="46" hits="12"/><line number="47" hits="4"/><line number="50" hits="4"/><line number="52" hits="9"/><line number="53" hits="9"/><line number="54" hits="4"/><line number="56" hits="3"/><line number="59" hits="3"/><line number="60" hits="2"/><line number="62" hits="3"/><line number="63" hits="2"/><line number="64" hits="1"/><line number="70" hits="6"/><line number="71" hits="4"/><line number="72" hits="2"/><line number="79" hits="2"/><line number="81" hits="4"/><line number="82" hits="4"/><line number="83" hits="2"/><line number="84" hits="2"/><line number="89" hits="0"/><line number="90" hits="0"/><line number="91" hits="0"/><line number="92" hits="0"/><line number="96" hits="0"/><line number="114" hits="4"/><line number="115" hits="4"/><line number="116" hits="3"/><line number="117" hits="2"/><line number="118" hits="1"/><line number="122" hits="9"/><line number="123" hits="3"/><line number="126" hits="10"/><line number="127" hits="12"/><line number="128" hits="26"/><line number="129" hits="3"/><line number="130" hits="2"/><line number="131" hits="1"/><line number="132" hits="1"/><line number="137" hits="2"/><line number="157" hits="35"/><line number="158" hits="104"/><line number="159" hits="39"/><line number="161" hits="68"/><line number="163" hits="107"/><line number="164" hits="117"/><line number="167" hits="154"/><line number="168" hits="2"/><line number="172" hits="148"/><line number="173" hits="148"/><line number="174" hits="111"/><line number="180" hits="111"/><line number="184" hits="34"/><line number="213" hits="27"/><line number="215" hits="54"/><line number="220" hits="54"/><line number="221" hits="2"/><line number="225" hits="130"/><line number="227" hits="26"/><line number="228" hits="2"/><line number="229" hits="1"/><line number="230" hits="1"/><line number="234" hits="25"/><line number="235" hits="75"/><line number="236" hits="75"/><line number="237" hits="25"/><line number="253" hits="24"/><line number="254" hits="72"/><line number="256" hits="45"/><line number="258" hits="27"/><line number="260" hits="44"/><line number="275" hits="2"/><line number="276" hits="6"/><line number="278" hits="2"/><line number="279" hits="10"/><line number="280" hits="6"/><line number="285" hits="2"/><line number="286" hits="8"/></lines></class></classes></package><package name="cli/tests" line-rate="0.9565217391304348" branch-rate="0" complexity="0"><classes><class name="feature_commands" filename="cli/tests/feature_commands.rs" line-rate="0.9565217391304348" branch-rate="0" complexity="0"><methods/><lines><line number="8" hits="5"/><line number="9" hits="20"/><line number="10" hits="10"/><line number="11" hits="5"/><line number="13" hits="5"/><line number="14" hits="5"/><line number="15" hits="10"/><line number="16" hits="0"/><line number="28" hits="1"/><line number="29" hits="1"/><line number="32" hits="1"/><line number="33" hits="2"/><line number="39" hits="1"/><line number="40" hits="4"/><line number="41" hits="3"/><line number="42" hits="4"/><line number="44" hits="3"/><line number="45" hits="3"/><line number="46" hits="3"/><line number="48" hits="4"/><line number="49" hits="3"/><line number="50" hits="3"/><line number="52" hits="4"/></lines></class></classes></package><package name="core/src/bootstrap" line-rate="0.927710843373494" branch-rate="0" complexity="0"><classes><class name="mod" filename="core/src/bootstrap/mod.rs" line-rate="0.8909090909090909" branch-rate="0" complexity="0"><methods/><lines><line number="58" hits="0"/><line number="59" hits="0"/><line number="60" hits="0"/><line number="61" hits="0"/><line number="62" hits="0"/><line number="63" hits="0"/><line number="75" hits="10"/><line number="77" hits="10"/><line number="84" hits="4"/><line number="86" hits="4"/><line number="87" hits="1"/><line number="91" hits="3"/><line number="92" hits="3"/><line number="93" hits="1"/><line number="94" hits="1"/><line number="100" hits="2"/><line number="101" hits="1"/><line number="105" hits="1"/><line number="122" hits="6"/><line number="125" hits="6"/><line number="128" hits="12"/><line number="129" hits="12"/><line number="130" hits="6"/><line number="133" hits="24"/><line number="134" hits="12"/><line number="135" hits="18"/><line number="136" hits="6"/><line number="139" hits="24"/><line number="140" hits="12"/><line number="141" hits="18"/><line number="142" hits="6"/><line number="145" hits="24"/><line number="146" hits="12"/><line number="147" hits="18"/><line number="148" hits="6"/><line number="151" hits="24"/><line number="152" hits="12"/><line number="155" hits="6"/><line number="156" hits="15"/><line number="157" hits="5"/><line number="159" hits="1"/><line number="162" hits="6"/><line number="163" hits="6"/><line number="164" hits="6"/><line number="165" hits="6"/><line number="166" hits="6"/><line number="168" hits="6"/><line number="172" hits="6"/><line number="173" hits="12"/><line number="177" hits="6"/><line number="178" hits="12"/><line number="182" hits="6"/><line number="183" hits="12"/><line number="187" hits="6"/><line number="188" hits="12"/></lines></class><class name="templates" filename="core/src/bootstrap/templates.rs" line-rate="1" branch-rate="0" complexity="0"><methods/><lines><line number="9" hits="6"/><line number="10" hits="12"/><line number="11" hits="3"/><line number="12" hits="1"/><line number="13" hits="1"/><line number="14" hits="1"/><line number="17" hits="6"/><line number="21" hits="6"/><line number="22" hits="12"/><line number="23" hits="3"/><line number="24" hits="1"/><line number="25" hits="1"/><line number="26" hits="1"/><line number="29" hits="6"/><line number="33" hits="6"/><line number="34" hits="12"/><line number="35" hits="3"/><line number="36" hits="1"/><line number="37" hits="1"/><line number="38" hits="1"/><line number="41" hits="6"/><line number="45" hits="6"/><line number="46" hits="12"/><line number="47" hits="3"/><line number="48" hits="1"/><line number="49" hits="1"/><line number="50" hits="1"/><line number="53" hits="6"/></lines></class></classes></package></packages></coverage>